2025-03-30 19:01:02,147 - app.main - INFO - Logging configured successfully
2025-03-30 19:01:02,148 - app.main - INFO - CORS configured with origins: ['http://localhost:3000', 'http://localhost:8080']
2025-03-30 19:01:05,550 - app.main - INFO - API routes registered successfully
2025-03-30 19:01:05,550 - app.main - INFO - Templates configured from templates
2025-03-30 19:01:05,551 - app.main - INFO - Static files mounted from static
2025-03-30 19:10:34,437 - app.main - INFO - Logging configured successfully
2025-03-30 19:10:34,441 - app.main - INFO - CORS configured with origins: ['http://localhost:3000', 'http://localhost:8080']
2025-03-30 19:10:36,068 - app.main - INFO - API routes registered successfully
2025-03-30 19:10:36,068 - app.main - INFO - Templates configured from templates
2025-03-30 19:10:36,069 - app.main - INFO - Static files mounted from static
2025-03-30 19:10:37,487 - app.main - INFO - Logging configured successfully
2025-03-30 19:10:37,489 - app.main - INFO - CORS configured with origins: ['http://localhost:3000', 'http://localhost:8080']
2025-03-30 19:10:38,938 - app.main - INFO - API routes registered successfully
2025-03-30 19:10:38,939 - app.main - INFO - Templates configured from templates
2025-03-30 19:10:38,939 - app.main - INFO - Static files mounted from static
2025-03-30 19:15:37,751 - app.main - INFO - Logging configured successfully
2025-03-30 19:15:37,751 - app.main - INFO - CORS configured with origins: ['http://localhost:3000', 'http://localhost:8080']
2025-03-30 19:15:39,106 - app.main - INFO - API routes registered successfully
2025-03-30 19:15:39,106 - app.main - INFO - Templates configured from templates
2025-03-30 19:15:39,106 - app.main - INFO - Static files mounted from static
2025-03-30 19:38:25,435 - app.main - INFO - Logging configured successfully
2025-03-30 19:38:25,436 - app.main - INFO - CORS configured with origins: ['http://localhost:3000', 'http://localhost:8080']
2025-03-30 19:39:29,242 - app.main - INFO - Logging configured successfully
2025-03-30 19:39:29,243 - app.main - INFO - CORS configured with origins: ['http://localhost:3000', 'http://localhost:8080']
2025-03-30 19:39:30,546 - app.main - INFO - API routes registered successfully
2025-03-30 19:39:30,546 - app.main - INFO - Templates configured from templates
2025-03-30 19:39:30,546 - app.main - INFO - Static files mounted from static
